<?xml version="1.0" encoding="UTF-8"?>
<!-- Generated by org.testng.reporters.JUnitReportReporter -->
<testsuite hostname="DESKTOP-P130DR7" failures="0" tests="2" name="crossbrowser.cb" time="10.933" errors="0" timestamp="2025-02-06T16:31:44 IST" skipped="0">
  <testcase classname="crossbrowser.cb" name="test" time="6.251"/>
  <testcase classname="crossbrowser.cb" name="test" time="4.682"/>
</testsuite> <!-- crossbrowser.cb -->
