<?xml version="1.0" encoding="UTF-8"?>
<!-- Generated by org.testng.reporters.JUnitReportReporter -->
<testsuite hostname="DESKTOP-P130DR7" failures="0" tests="1" name="groupss.group.stringss" time="4.933" errors="0" timestamp="2024-09-27T17:02:03 IST" skipped="0">
  <testcase classname="groupss.group.stringss" name="test" time="4.933"/>
</testsuite> <!-- groupss.group.stringss -->
