<?xml version="1.0" encoding="UTF-8"?>
<!-- Generated by org.testng.reporters.JUnitReportReporter -->
<testsuite hostname="DESKTOP-P130DR7" failures="0" tests="1" name="groupss.group.staticwebtable" time="7.615" errors="0" timestamp="2025-02-07T16:15:00 IST" skipped="0">
  <testcase classname="groupss.group.staticwebtable" name="handlingwebtables" time="7.615"/>
</testsuite> <!-- groupss.group.staticwebtable -->
