<?xml version="1.0" encoding="UTF-8"?>
<!-- Generated by org.testng.reporters.JUnitReportReporter -->
<testsuite hostname="DESKTOP-P130DR7" failures="0" tests="1" name="groupss.group.chord" time="3.954" errors="0" timestamp="2024-09-16T13:30:20 IST" skipped="0">
  <testcase classname="groupss.group.chord" name="newtab" time="3.954"/>
</testsuite> <!-- groupss.group.chord -->
