<?xml version="1.0" encoding="UTF-8"?>
<!-- Generated by org.testng.reporters.JUnitReportReporter -->
<testsuite hostname="DESKTOP-P130DR7" failures="0" tests="1" name="groupss.group.robots" time="19.286" errors="0" timestamp="2024-09-06T18:38:13 IST" skipped="0">
  <testcase classname="groupss.group.robots" name="robos" time="19.286"/>
</testsuite> <!-- groupss.group.robots -->
