<?xml version="1.0" encoding="UTF-8"?>
<!-- Generated by org.testng.reporters.JUnitReportReporter -->
<testsuite hostname="DESKTOP-P130DR7" failures="0" tests="1" name="groupss.group.MultiBrowserTest" time="2.636" errors="0" timestamp="2024-10-04T12:46:32 IST" skipped="0">
  <testcase classname="groupss.group.MultiBrowserTest" name="testBrowsers" time="2.636"/>
</testsuite> <!-- groupss.group.MultiBrowserTest -->
