<?xml version="1.0" encoding="UTF-8"?>
<!-- Generated by org.testng.reporters.JUnitReportReporter -->
<testsuite hostname="DESKTOP-P130DR7" failures="0" tests="1" name="groupss.group.javascriptss" time="7.916" errors="0" timestamp="2024-09-09T11:59:43 IST" skipped="0">
  <testcase classname="groupss.group.javascriptss" name="js" time="7.916"/>
</testsuite> <!-- groupss.group.javascriptss -->
