<?xml version="1.0" encoding="UTF-8"?>
<!-- Generated by org.testng.reporters.JUnitReportReporter -->
<testsuite hostname="DESKTOP-P130DR7" failures="0" tests="1" name="alerts.auth" time="6.112" errors="0" timestamp="2025-02-17T11:56:13 IST" skipped="0">
  <testcase classname="alerts.auth" name="webdr" time="6.112"/>
</testsuite> <!-- alerts.auth -->
