<?xml version="1.0" encoding="UTF-8"?>
<!-- Generated by org.testng.reporters.JUnitReportReporter -->
<testsuite hostname="DESKTOP-P130DR7" failures="0" tests="1" name="groupss.group.webtablesPractice" time="7.544" errors="0" timestamp="2025-02-07T16:00:19 IST" skipped="0">
  <testcase classname="groupss.group.webtablesPractice" name="webtabledata" time="7.544"/>
</testsuite> <!-- groupss.group.webtablesPractice -->
