<?xml version="1.0" encoding="UTF-8"?>
<!-- Generated by org.testng.reporters.JUnitReportReporter -->
<testsuite hostname="DESKTOP-P130DR7" failures="0" tests="1" name="groupss.group.colorpicker" time="6.944" errors="0" timestamp="2024-09-25T14:55:49 IST" skipped="0">
  <testcase classname="groupss.group.colorpicker" name="colors" time="6.944"/>
</testsuite> <!-- groupss.group.colorpicker -->
