<?xml version="1.0" encoding="UTF-8"?>
<!-- Generated by org.testng.reporters.JUnitReportReporter -->
<testsuite hostname="DESKTOP-P130DR7" failures="0" tests="2" name="parallelPackagexml.parallelTestngpractice" time="19.687" errors="0" timestamp="2025-02-05T09:27:53 IST" skipped="0">
  <testcase classname="parallelPackagexml.parallelTestngpractice" name="TestMethod1" time="4.630"/>
  <testcase classname="parallelPackagexml.parallelTestngpractice" name="TestMethod2" time="15.057"/>
</testsuite> <!-- parallelPackagexml.parallelTestngpractice -->
