<?xml version="1.0" encoding="UTF-8"?>
<!-- Generated by org.testng.reporters.JUnitReportReporter -->
<testsuite hostname="DESKTOP-P130DR7" failures="0" tests="1" name="groupss.group.windowhandles" time="13.451" errors="0" timestamp="2024-09-24T11:31:11 IST" skipped="0">
  <testcase classname="groupss.group.windowhandles" name="windowhandles" time="13.451"/>
</testsuite> <!-- groupss.group.windowhandles -->
