<?xml version="1.0" encoding="UTF-8"?>
<!-- Generated by org.testng.reporters.JUnitReportReporter -->
<testsuite hostname="DESKTOP-P130DR7" failures="0" tests="1" name="groupss.group.staticwebtable" time="9.849" errors="0" timestamp="2024-09-09T15:43:11 IST" skipped="0">
  <testcase classname="groupss.group.staticwebtable" name="handlingwebtables" time="9.849"/>
</testsuite> <!-- groupss.group.staticwebtable -->
