<?xml version="1.0" encoding="UTF-8"?>
<!-- Generated by org.testng.reporters.JUnitReportReporter -->
<testsuite hostname="DESKTOP-P130DR7" failures="0" tests="1" name="alerts.keychordpractice" time="9.275" errors="0" timestamp="2025-02-18T09:58:29 IST" skipped="0">
  <testcase classname="alerts.keychordpractice" name="twokeysAtsametime" time="9.275"/>
</testsuite> <!-- alerts.keychordpractice -->
