<?xml version="1.0" encoding="UTF-8"?>
<!-- Generated by org.testng.reporters.JUnitReportReporter -->
<testsuite hostname="DESKTOP-P130DR7" failures="0" tests="1" name="groupss.group.incognito" time="9.655" errors="0" timestamp="2024-10-03T15:11:15 IST" skipped="0">
  <testcase classname="groupss.group.incognito" name="incognito" time="9.655"/>
</testsuite> <!-- groupss.group.incognito -->
