<?xml version="1.0" encoding="UTF-8"?>
<!-- Generated by org.testng.reporters.JUnitReportReporter -->
<testsuite hostname="DESKTOP-P130DR7" failures="0" tests="1" name="groupss.group.colorpicker" time="10.000" errors="0" timestamp="2025-02-18T11:28:15 IST" skipped="0">
  <testcase classname="groupss.group.colorpicker" name="colors" time="10.000"/>
</testsuite> <!-- groupss.group.colorpicker -->
