<?xml version="1.0" encoding="UTF-8"?>
<!-- Generated by org.testng.reporters.JUnitReportReporter -->
<testsuite hostname="DESKTOP-P130DR7" failures="0" tests="1" name="groupss.group.getattribute" time="18.844" errors="0" timestamp="2024-10-04T13:25:32 IST" skipped="0">
  <testcase classname="groupss.group.getattribute" name="attribute" time="18.844"/>
</testsuite> <!-- groupss.group.getattribute -->
